{
  "timestamp": "2023-12-13 23:30:14.781816",
  "device_info": {
    "serial_number": "ACsAQkszUAggMTg0",
    "model": "0",
    "git_hash": "1f4a19554a2b99578cdf566ec5172ee7ddc8304f",
    "git_dirty": false,
    "git_timestamp": 1695733444,
    "uuid": "fb64689d-b89c-4fd6-931a-332bd44c6449"
  },
  "calibration": {
    "invert": false,
    "phase_invert": false,
    "poles": 42,
    "offset": [
      3.0127750768395147,
      2.9927379507981855,
      2.952385998129008,
      2.9375258470117913,
      2.9199170233165654,
      2.9194116199484204,
      2.948622636829741,
      2.9422224470816083,
      2.952971183719641,
      3.009286973137017,
      3.0377821561883387,
      3.0222533875967725,
      3.022367975078253,
      3.01897638744498,
      3.0364826023651865,
      3.083641504286449,
      3.1032794979108784,
      3.1456723379765923,
      3.180625531241345,
      3.166614012684831,
      3.158945366032482,
      3.1963053733270965,
      3.1885510676522393,
      3.197328997920617,
      3.2286933926157695,
      3.146525630982748,
      3.0570803042031844,
      3.0361673662004693,
      3.0023356503203575,
      2.950084582200361,
      2.940292886927096,
      2.93656408634043,
      2.883296788686694,
      2.822962089208835,
      2.7328793179498216,
      2.646202536623233,
      2.6696553743332676,
      2.699652148646718,
      2.707794911520211,
      2.7182473972685415,
      2.7794839458764553,
      2.8209613629124886,
      2.813813447339361,
      2.804291924340215,
      2.806095616846951,
      2.782668588527926,
      2.80412177375594,
      2.8094534018803916,
      2.795863078497667,
      2.8261593329427535,
      2.862090289125273,
      2.8865743772596244,
      2.927918545323403,
      2.9582237826446116,
      2.9562328447952884,
      2.970022413805527,
      2.966656819164869,
      2.9475066768093168,
      2.9707208133971785,
      2.9735105148182583,
      2.9761809410828834,
      3.0057513591091625,
      3.0152156509148353,
      3.0095359295304873
    ]
  },
  "winding_resistance": 0.15232248442535917,
  "inductance": 3.925237087480226e-05,
  "pid_dq_kp": 0.02466299199525215,
  "pid_dq_ki": 95.70703960945082,
  "torque_bw_hz": 100.0,
  "encoder_filter_bw_hz": 200.0,
  "encoder_filter_kp": 2513.2741228718346,
  "encoder_filter_ki": 1579136.7041742974,
  "v_per_hz": 0.4172667798411485,
  "kv": 71.89644958417456,
  "unwrapped_position_scale": 1.0,
  "motor_position_output_sign": 1.0
}
