{
  "timestamp": "2023-11-03 17:10:09.451576",
  "device_info": {
    "serial_number": "ACwAO0hOUA4gNDNW",
    "model": "0",
    "git_hash": "1f4a19554a2b99578cdf566ec5172ee7ddc8304f",
    "git_dirty": false,
    "git_timestamp": 1695733444,
    "uuid": "4157b5da-7884-41d3-b983-0b9cd5b999ca"
  },
  "calibration": {
    "invert": false,
    "phase_invert": false,
    "poles": 42,
    "offset": [
      -0.27787435799994037,
      -0.28554605705060443,
      -0.2894285300626731,
      -0.29145523271112617,
      -0.29235059804134517,
      -0.2877709299008246,
      -0.2698796764195564,
      -0.24967698503118438,
      -0.2233769052624003,
      -0.1951800950725643,
      -0.17333069701181555,
      -0.15656774386287176,
      -0.1363474505937667,
      -0.11540498729290706,
      -0.10088088581238323,
      -0.10373606921572812,
      -0.10696059161731919,
      -0.11069621838051902,
      -0.11174406717097908,
      -0.11309583213385782,
      -0.12726844238090113,
      -0.14911678050272145,
      -0.1676419017589784,
      -0.1929713594450164,
      -0.21769064843892927,
      -0.24673420443318994,
      -0.27512355198213456,
      -0.309699601947844,
      -0.32966022052401256,
      -0.3482896424968391,
      -0.38522832527838347,
      -0.40986334495968874,
      -0.4280872485053416,
      -0.4473523499148905,
      -0.4568178219824212,
      -0.4573614452454393,
      -0.4582735168085853,
      -0.4444691910629464,
      -0.41935432104997744,
      -0.40016173868915017,
      -0.3630143165352683,
      -0.3254621967910046,
      -0.30087955091319113,
      -0.2620865705778929,
      -0.22349911182944315,
      -0.19322711555004038,
      -0.14772935616163418,
      -0.11887293586619718,
      -0.11066397876345822,
      -0.09792826617861526,
      -0.0886101731919199,
      -0.07879229543797864,
      -0.06990507384864549,
      -0.07712738972139811,
      -0.08547607039776685,
      -0.09339551497992381,
      -0.10423895903468022,
      -0.12077430811295259,
      -0.14273300114326806,
      -0.16429828067669763,
      -0.19142267913274186,
      -0.21142115994482752,
      -0.2374307492951446,
      -0.26233151588493675
    ]
  },
  "winding_resistance": 0.14036696352639857,
  "inductance": 4.744210894326426e-05,
  "pid_dq_kp": 0.029808756185393123,
  "pid_dq_ki": 88.19516428424805,
  "torque_bw_hz": 100.0,
  "encoder_filter_bw_hz": 200.0,
  "encoder_filter_kp": 2513.2741228718346,
  "encoder_filter_ki": 1579136.7041742974,
  "v_per_hz": 0.39375844421262635,
  "kv": 76.18884227356466,
  "unwrapped_position_scale": 1.0,
  "motor_position_output_sign": 1.0
}
