{
  "timestamp": "2023-10-23 17:12:33.630921",
  "device_info": {
    "serial_number": "ACsAQkszUAggMTg0",
    "model": "800",
    "git_hash": "5bbb281a3d685c440a728dcbc2441e53355f405a",
    "git_dirty": false,
    "git_timestamp": 1652132899,
    "uuid": "fb64689d-b89c-4fd6-931a-332bd44c6449"
  },
  "calibration": {
    "invert": false,
    "phase_invert": false,
    "poles": 14,
    "offset": [
      -0.30127562309963957,
      -0.2841806247115154,
      -0.300091357827721,
      -0.3031438678758591,
      -0.27017484772537725,
      -0.2708177071171187,
      -0.28161213190119244,
      -0.27168978445612146,
      -0.28887292303974027,
      -0.3097694245192193,
      -0.2919681533257827,
      -0.29802615055080356,
      -0.310074789357211,
      -0.2877641867931102,
      -0.2875259592490543,
      -0.29303679855305026,
      -0.27069993595897063,
      -0.2767787374265176,
      -0.3041097274343549,
      -0.28910263272915504,
      -0.2905132090204246,
      -0.2999916739630902,
      -0.2625687349867074,
      -0.24724396590429262,
      -0.2514422131653988,
      -0.22140966437174545,
      -0.21677983865444542,
      -0.24428485339985298,
      -0.23972954245857261,
      -0.2457309054026421,
      -0.27234174693310226,
      -0.25324734302900637,
      -0.24033936616635368,
      -0.2560236647964692,
      -0.23995855106530337,
      -0.23105225942043806,
      -0.25357352909586045,
      -0.24355035098419384,
      -0.23453739521210737,
      -0.2622258775483831,
      -0.2514404149826129,
      -0.24269498129472483,
      -0.27197603407016085,
      -0.27996102345776985,
      -0.2880018000257851,
      -0.3353933540897579,
      -0.34383649489298196,
      -0.320159112053706,
      -0.327631242023624,
      -0.3063861800956156,
      -0.2713452687325195,
      -0.28293349258460243,
      -0.2784042245010963,
      -0.2625727737392834,
      -0.28710902635898206,
      -0.29544288566609384,
      -0.2738937066710545,
      -0.27870095573392306,
      -0.260353941322076,
      -0.22830349994939977,
      -0.24494831644851864,
      -0.2552386361893441,
      -0.25377276651845726,
      -0.28149191799216133
    ]
  },
  "winding_resistance": 0.7782708535360213,
  "inductance": 0.0007405218463780895,
  "pid_dq_kp": 0.2,
  "pid_dq_ki": 210.19524470278984,
  "torque_bw_hz": 42.984536883098336,
  "encoder_filter_bw_hz": 27.007981057980246,
  "encoder_filter_kp": 339.3922995201721,
  "encoder_filter_ki": 28796.783243397556,
  "v_per_hz": 0.4529081610613065,
  "kv": 66.23859444197373,
  "unwrapped_position_scale": 1.0,
  "motor_position_output_sign": 1.0
}
