{
  "timestamp": "2023-12-06 21:20:06.967844",
  "device_info": {
    "serial_number": "ACwAO0hOUA4gNDNW",
    "model": "0",
    "git_hash": "1f4a19554a2b99578cdf566ec5172ee7ddc8304f",
    "git_dirty": false,
    "git_timestamp": 1695733444,
    "uuid": "4157b5da-7884-41d3-b983-0b9cd5b999ca"
  },
  "calibration": {
    "invert": false,
    "phase_invert": false,
    "poles": 42,
    "offset": [
      2.8282436861134417,
      2.818738968812558,
      2.800508475132112,
      2.7855314969565437,
      2.799466169679869,
      2.7701679359103286,
      2.7334440884747497,
      2.784789731554409,
      2.8389465117882926,
      2.8942184554976462,
      2.9436132742376517,
      2.9707159360991753,
      3.0101296920872276,
      3.0533507468702843,
      3.08289910326969,
      3.1022430758150867,
      3.1167549245249004,
      3.148593526120957,
      3.1644877624494936,
      3.1657654661310435,
      3.1725368621700407,
      3.16789725574978,
      3.1583976078324074,
      3.1530848011072665,
      3.1450279194080326,
      3.115851823708254,
      3.0867546858814383,
      3.0616550355981094,
      3.0022113373967616,
      2.9447032717857464,
      2.9253315777273206,
      2.8824368548204578,
      2.8418099786082798,
      2.8289840088178906,
      2.7945655380413776,
      2.7790603799822824,
      2.780849367276706,
      2.7552939193228587,
      2.741835706556265,
      2.7627736879281923,
      2.7821730416285355,
      2.8077371881621698,
      2.833153375033343,
      2.84834495147268,
      2.8721480080897392,
      2.9036031964068765,
      2.9364003109448586,
      2.9505901340890235,
      2.9700483474317267,
      2.985817555999873,
      2.9916260423550365,
      3.0140714259336554,
      3.0286040908984093,
      3.030558032622333,
      3.0184309956565443,
      3.007845564814158,
      3.0079342579320505,
      2.98231715149395,
      2.957948166042517,
      2.9538878521649714,
      2.9349064204464055,
      2.9091038606759896,
      2.889425702291391,
      2.8547062750767
    ]
  },
  "winding_resistance": 0.13626399660877067,
  "inductance": 5.122997100416098e-05,
  "pid_dq_kp": 0.03218874011005805,
  "pid_dq_ki": 85.61719413897968,
  "torque_bw_hz": 100.0,
  "encoder_filter_bw_hz": 200.0,
  "encoder_filter_kp": 2513.2741228718346,
  "encoder_filter_ki": 1579136.7041742974,
  "v_per_hz": 0.39958063101107694,
  "kv": 75.07871421117096,
  "unwrapped_position_scale": 1.0,
  "motor_position_output_sign": 1.0
}
