{
  "timestamp": "2023-12-13 19:18:47.947466",
  "device_info": {
    "serial_number": "AD0ALzdTUA0gMjlC",
    "model": "600",
    "git_hash": "33ce490dd994e5008ae6fe8a5d8dd079a4848503",
    "git_dirty": false,
    "git_timestamp": 1620087252,
    "uuid": "78f1b2de-c37b-4932-a5e4-9bf699bea7ab"
  },
  "calibration": {
    "invert": false,
    "phase_invert": true,
    "poles": 42,
    "offset": [
      -0.25749650470146,
      4.731684537959983,
      3.4407074502730555,
      2.1686669704186206,
      0.9414177391196518,
      -0.2509140667730726,
      4.931290945823416,
      4.009638788314441,
      3.253494117299075,
      2.6577987019947646,
      2.361912677881055,
      2.4276573649062403,
      3.008809430605951,
      4.271804110411305,
      5.575265516026481,
      0.9425405691593646,
      3.401681953850136,
      0.6279480073681087,
      4.463064355058763,
      1.5487779130146302,
      2.77031005737479,
      3.3975357095456076,
      3.4968092302954386,
      3.156602244556331,
      2.6077819613451476,
      1.8383915789418788,
      0.8637399587735848,
      -0.20028779852186418,
      4.918260873118969,
      3.671609686166734,
      2.423863326261185,
      1.156576020695186,
      -0.12738059231656298,
      4.846290149076193,
      3.5485423759021475,
      2.2422450769884996,
      1.0104803592480964,
      -0.16986408541823578,
      4.9824535492492155,
      4.009918729192095,
      3.1774154350235992,
      2.524461050728526,
      2.155457509657613,
      2.119461125878133,
      2.5974505784971544,
      3.716406081054918,
      5.010472347244496,
      0.3459748485766899,
      3.258556788885531,
      0.5206292391530382,
      5.219841257724545,
      1.7576558152629023,
      2.8582842959636303,
      3.4044320358011446,
      3.4323880864815752,
      3.0478055258613375,
      2.4430207242663324,
      1.6697882106492181,
      0.7041043779961277,
      -0.40247096639126195,
      4.702941490387414,
      3.491192746500701,
      2.2439219055914545,
      0.9908345393725362
    ]
  },
  "winding_resistance": 0.12703366335065502,
  "inductance": 5.041327567691662e-05,
  "pid_dq_kp": 0.03167559530199965,
  "pid_dq_ki": 79.81760470820336,
  "torque_bw_hz": 100.0,
  "encoder_filter_bw_hz": 200.0,
  "encoder_filter_kp": 2513.2741228718346,
  "encoder_filter_ki": 1579136.7041742974,
  "v_per_hz": 43.47933960921681,
  "kv": 0.6899828808264733,
  "unwrapped_position_scale": 0.166667,
  "motor_position_output_sign": 1.0
}
